0 info it worked if it ends with ok
1 verbose cli [ '/usr/bin/nodejs',
1 verbose cli   '/usr/bin/npm',
1 verbose cli   'install',
1 verbose cli   'three-canvasrenderer' ]
2 info using npm@2.15.8
3 info using node@v4.4.7
4 verbose install initial load of /var/www/node_practice/exp2016/package.json
5 verbose installManyTop reading scoped package data from /var/www/node_practice/exp2016/node_modules/anttweakbar/package.json
6 verbose installManyTop reading scoped package data from /var/www/node_practice/exp2016/node_modules/async/package.json
7 verbose installManyTop reading scoped package data from /var/www/node_practice/exp2016/node_modules/bindings/package.json
8 verbose installManyTop reading scoped package data from /var/www/node_practice/exp2016/node_modules/body-parser/package.json
9 verbose installManyTop reading scoped package data from /var/www/node_practice/exp2016/node_modules/bootstrap/package.json
10 verbose installManyTop reading scoped package data from /var/www/node_practice/exp2016/node_modules/build/package.json
11 verbose installManyTop reading scoped package data from /var/www/node_practice/exp2016/node_modules/canvas/package.json
12 verbose installManyTop reading scoped package data from /var/www/node_practice/exp2016/node_modules/cookie-parser/package.json
13 verbose installManyTop reading scoped package data from /var/www/node_practice/exp2016/node_modules/debug/package.json
14 verbose installManyTop reading scoped package data from /var/www/node_practice/exp2016/node_modules/ejs/package.json
15 verbose installManyTop reading scoped package data from /var/www/node_practice/exp2016/node_modules/express/package.json
16 verbose installManyTop reading scoped package data from /var/www/node_practice/exp2016/node_modules/express-bootstrap-service/package.json
17 verbose installManyTop reading scoped package data from /var/www/node_practice/exp2016/node_modules/formidable/package.json
18 verbose installManyTop reading scoped package data from /var/www/node_practice/exp2016/node_modules/glew/package.json
19 verbose installManyTop reading scoped package data from /var/www/node_practice/exp2016/node_modules/glfw3/package.json
20 verbose installManyTop reading scoped package data from /var/www/node_practice/exp2016/node_modules/hjs/package.json
21 verbose installManyTop reading scoped package data from /var/www/node_practice/exp2016/node_modules/jquery/package.json
22 verbose installManyTop reading scoped package data from /var/www/node_practice/exp2016/node_modules/less-middleware/package.json
23 verbose installManyTop reading scoped package data from /var/www/node_practice/exp2016/node_modules/mocha/package.json
24 verbose installManyTop reading scoped package data from /var/www/node_practice/exp2016/node_modules/morgan/package.json
25 verbose installManyTop reading scoped package data from /var/www/node_practice/exp2016/node_modules/nan/package.json
26 verbose installManyTop reading scoped package data from /var/www/node_practice/exp2016/node_modules/node-gyp/package.json
27 verbose installManyTop reading scoped package data from /var/www/node_practice/exp2016/node_modules/node-webgl/package.json
28 verbose installManyTop reading scoped package data from /var/www/node_practice/exp2016/node_modules/rebuild/package.json
29 verbose installManyTop reading scoped package data from /var/www/node_practice/exp2016/node_modules/serve-favicon/package.json
30 verbose installManyTop reading scoped package data from /var/www/node_practice/exp2016/node_modules/should/package.json
31 verbose installManyTop reading scoped package data from /var/www/node_practice/exp2016/node_modules/three/package.json
32 verbose installManyTop reading scoped package data from /var/www/node_practice/exp2016/node_modules/webglew/package.json
33 info package.json formidable@1.0.17 No license field.
34 info package.json hjs@0.0.6 No license field.
35 info package.json rebuild@0.1.2 No license field.
36 info package.json three@0.80.1 No README data
37 info package.json express-bootstrap-service@1.0.0 license should be a valid SPDX license expression
38 info package.json less-middleware@1.0.4 No license field.
39 verbose readDependencies loading dependencies from /var/www/node_practice/exp2016/package.json
40 silly cache add args [ 'three-canvasrenderer', null ]
41 verbose cache add spec three-canvasrenderer
42 silly cache add parsed spec Result {
42 silly cache add   raw: 'three-canvasrenderer',
42 silly cache add   scope: null,
42 silly cache add   name: 'three-canvasrenderer',
42 silly cache add   rawSpec: '',
42 silly cache add   spec: 'latest',
42 silly cache add   type: 'tag' }
43 silly addNamed three-canvasrenderer@latest
44 verbose addNamed "latest" is being treated as a dist-tag for three-canvasrenderer
45 info addNameTag [ 'three-canvasrenderer', 'latest' ]
46 silly mapToRegistry name three-canvasrenderer
47 silly mapToRegistry using default registry
48 silly mapToRegistry registry https://registry.npmjs.org/
49 silly mapToRegistry data Result {
49 silly mapToRegistry   raw: 'three-canvasrenderer',
49 silly mapToRegistry   scope: null,
49 silly mapToRegistry   name: 'three-canvasrenderer',
49 silly mapToRegistry   rawSpec: '',
49 silly mapToRegistry   spec: 'latest',
49 silly mapToRegistry   type: 'tag' }
50 silly mapToRegistry uri https://registry.npmjs.org/three-canvasrenderer
51 verbose addNameTag registry:https://registry.npmjs.org/three-canvasrenderer not in flight; fetching
52 verbose request uri https://registry.npmjs.org/three-canvasrenderer
53 verbose request no auth needed
54 info attempt registry request try #1 at 2:36:44 AM
55 verbose request id 7fa4dfa46126d346
56 http request GET https://registry.npmjs.org/three-canvasrenderer
57 http 404 https://registry.npmjs.org/three-canvasrenderer
58 verbose headers { 'content-type': 'application/json',
58 verbose headers   'cache-control': 'max-age=0',
58 verbose headers   'content-length': '2',
58 verbose headers   'accept-ranges': 'bytes',
58 verbose headers   date: 'Mon, 12 Sep 2016 02:36:44 GMT',
58 verbose headers   via: '1.1 varnish',
58 verbose headers   age: '0',
58 verbose headers   connection: 'keep-alive',
58 verbose headers   'x-served-by': 'cache-jfk8130-JFK',
58 verbose headers   'x-cache': 'MISS',
58 verbose headers   'x-cache-hits': '0',
58 verbose headers   'x-timer': 'S1473647804.474126,VS0,VE108',
58 verbose headers   vary: 'Accept-Encoding' }
59 silly get cb [ 404,
59 silly get   { 'content-type': 'application/json',
59 silly get     'cache-control': 'max-age=0',
59 silly get     'content-length': '2',
59 silly get     'accept-ranges': 'bytes',
59 silly get     date: 'Mon, 12 Sep 2016 02:36:44 GMT',
59 silly get     via: '1.1 varnish',
59 silly get     age: '0',
59 silly get     connection: 'keep-alive',
59 silly get     'x-served-by': 'cache-jfk8130-JFK',
59 silly get     'x-cache': 'MISS',
59 silly get     'x-cache-hits': '0',
59 silly get     'x-timer': 'S1473647804.474126,VS0,VE108',
59 silly get     vary: 'Accept-Encoding' } ]
60 verbose stack Error: Registry returned 404 for GET on https://registry.npmjs.org/three-canvasrenderer
60 verbose stack     at makeError (/usr/lib/node_modules/npm/node_modules/npm-registry-client/lib/request.js:264:12)
60 verbose stack     at CachingRegistryClient.<anonymous> (/usr/lib/node_modules/npm/node_modules/npm-registry-client/lib/request.js:242:14)
60 verbose stack     at Request._callback (/usr/lib/node_modules/npm/node_modules/npm-registry-client/lib/request.js:172:14)
60 verbose stack     at Request.self.callback (/usr/lib/node_modules/npm/node_modules/request/request.js:200:22)
60 verbose stack     at emitTwo (events.js:87:13)
60 verbose stack     at Request.emit (events.js:172:7)
60 verbose stack     at Request.<anonymous> (/usr/lib/node_modules/npm/node_modules/request/request.js:1067:10)
60 verbose stack     at emitOne (events.js:82:20)
60 verbose stack     at Request.emit (events.js:169:7)
60 verbose stack     at IncomingMessage.<anonymous> (/usr/lib/node_modules/npm/node_modules/request/request.js:988:12)
61 verbose statusCode 404
62 verbose pkgid three-canvasrenderer
63 verbose cwd /var/www/node_practice/exp2016
64 error Linux 4.5.5-x86_64-linode69
65 error argv "/usr/bin/nodejs" "/usr/bin/npm" "install" "three-canvasrenderer"
66 error node v4.4.7
67 error npm  v2.15.8
68 error code E404
69 error 404 Registry returned 404 for GET on https://registry.npmjs.org/three-canvasrenderer
69 error 404
69 error 404 'three-canvasrenderer' is not in the npm registry.
69 error 404 You should bug the author to publish it (or use the name yourself!)
69 error 404 It was specified as a dependency of 'exp2016'
69 error 404
69 error 404 Note that you can also install from a
69 error 404 tarball, folder, http url, or git url.
70 verbose exit [ 1, true ]
